<?xml version="1.0" encoding="UTF-8"?>
<testng-results ignored="0" total="1" passed="1" failed="0" skipped="0">
  <reporter-output>
  </reporter-output>
  <suite started-at="2022-10-16T18:28:42 CDT" name="Default suite" finished-at="2022-10-16T18:28:44 CDT" duration-ms="1980">
    <groups>
    </groups>
    <test started-at="2022-10-16T18:28:42 CDT" name="Default test" finished-at="2022-10-16T18:28:44 CDT" duration-ms="1980">
      <class name="test.AddCategoryTest">
        <test-method signature="testingAddCategory()[pri:0, instance:test.AddCategoryTest@3246fb96]" started-at="2022-10-16T18:28:42 CDT" name="testingAddCategory" finished-at="2022-10-16T18:28:44 CDT" duration-ms="1950" status="PASS">
          <reporter-output>
          </reporter-output>
        </test-method> <!-- testingAddCategory -->
      </class> <!-- test.AddCategoryTest -->
    </test> <!-- Default test -->
  </suite> <!-- Default suite -->
</testng-results>
